{"C:\\Users\\admin\\Apartment_Rental_System_Web26\\backend\\db.js": {"path":"C:\\Users\\admin\\Apartment_Rental_System_Web26\\backend\\db.js","statementMap":{"0":{"start":{"line":1,"column":17},"end":{"line":1,"column":36}},"1":{"start":{"line":2,"column":0},"end":{"line":2,"column":27}},"2":{"start":{"line":4,"column":18},"end":{"line":12,"column":1}},"3":{"start":{"line":5,"column":2},"end":{"line":11,"column":3}},"4":{"start":{"line":6,"column":4},"end":{"line":6,"column":52}},"5":{"start":{"line":7,"column":4},"end":{"line":7,"column":52}},"6":{"start":{"line":9,"column":4},"end":{"line":9,"column":64}},"7":{"start":{"line":10,"column":4},"end":{"line":10,"column":20}},"8":{"start":{"line":14,"column":0},"end":{"line":14,"column":27}}},"fnMap":{"0":{"name":"(anonymous_0)","decl":{"start":{"line":4,"column":18},"end":{"line":4,"column":19}},"loc":{"start":{"line":4,"column":30},"end":{"line":12,"column":1}},"line":4}},"branchMap":{},"s":{"0":3,"1":3,"2":3,"3":0,"4":0,"5":0,"6":0,"7":0,"8":3},"f":{"0":0},"b":{},"_coverageSchema":"1a1c01bbd47fc00a2c39e90264f33305004495a9","hash":"b19664128094ad566298bd53f5c63a2129222d02"}
,"C:\\Users\\admin\\Apartment_Rental_System_Web26\\backend\\index.js": {"path":"C:\\Users\\admin\\Apartment_Rental_System_Web26\\backend\\index.js","statementMap":{"0":{"start":{"line":1,"column":16},"end":{"line":1,"column":34}},"1":{"start":{"line":2,"column":17},"end":{"line":2,"column":36}},"2":{"start":{"line":3,"column":21},"end":{"line":3,"column":45}},"3":{"start":{"line":4,"column":18},"end":{"line":4,"column":33}},"4":{"start":{"line":5,"column":13},"end":{"line":5,"column":28}},"5":{"start":{"line":6,"column":15},"end":{"line":6,"column":32}},"6":{"start":{"line":7,"column":24},"end":{"line":7,"column":59}},"7":{"start":{"line":8,"column":19},"end":{"line":8,"column":49}},"8":{"start":{"line":9,"column":18},"end":{"line":9,"column":47}},"9":{"start":{"line":10,"column":20},"end":{"line":10,"column":40}},"10":{"start":{"line":11,"column":0},"end":{"line":11,"column":16}},"11":{"start":{"line":13,"column":12},"end":{"line":13,"column":21}},"12":{"start":{"line":14,"column":0},"end":{"line":14,"column":24}},"13":{"start":{"line":15,"column":0},"end":{"line":15,"column":16}},"14":{"start":{"line":16,"column":0},"end":{"line":16,"column":24}},"15":{"start":{"line":19,"column":0},"end":{"line":19,"column":68}},"16":{"start":{"line":20,"column":0},"end":{"line":20,"column":44}},"17":{"start":{"line":21,"column":0},"end":{"line":21,"column":33}},"18":{"start":{"line":23,"column":0},"end":{"line":25,"column":1}},"19":{"start":{"line":24,"column":2},"end":{"line":24,"column":14}},"20":{"start":{"line":27,"column":0},"end":{"line":34,"column":3}},"21":{"start":{"line":28,"column":2},"end":{"line":33,"column":7}},"22":{"start":{"line":36,"column":0},"end":{"line":40,"column":1}},"23":{"start":{"line":37,"column":2},"end":{"line":39,"column":4}},"24":{"start":{"line":38,"column":4},"end":{"line":38,"column":58}},"25":{"start":{"line":42,"column":0},"end":{"line":42,"column":21}}},"fnMap":{"0":{"name":"(anonymous_0)","decl":{"start":{"line":27,"column":13},"end":{"line":27,"column":14}},"loc":{"start":{"line":27,"column":27},"end":{"line":34,"column":1}},"line":27},"1":{"name":"(anonymous_1)","decl":{"start":{"line":37,"column":19},"end":{"line":37,"column":20}},"loc":{"start":{"line":38,"column":4},"end":{"line":38,"column":58}},"line":38}},"branchMap":{"0":{"loc":{"start":{"line":23,"column":0},"end":{"line":25,"column":1}},"type":"if","locations":[{"start":{"line":23,"column":0},"end":{"line":25,"column":1}},{"start":{},"end":{}}],"line":23},"1":{"loc":{"start":{"line":36,"column":0},"end":{"line":40,"column":1}},"type":"if","locations":[{"start":{"line":36,"column":0},"end":{"line":40,"column":1}},{"start":{},"end":{}}],"line":36}},"s":{"0":3,"1":3,"2":3,"3":3,"4":3,"5":3,"6":3,"7":3,"8":3,"9":3,"10":3,"11":3,"12":3,"13":3,"14":3,"15":3,"16":3,"17":3,"18":3,"19":0,"20":3,"21":0,"22":3,"23":0,"24":0,"25":3},"f":{"0":0,"1":0},"b":{"0":[0,3],"1":[0,3]},"_coverageSchema":"1a1c01bbd47fc00a2c39e90264f33305004495a9","hash":"f13a18f33be937f7193e14228291c4d7f416ac9a"}
,"C:\\Users\\admin\\Apartment_Rental_System_Web26\\backend\\swagger.js": {"path":"C:\\Users\\admin\\Apartment_Rental_System_Web26\\backend\\swagger.js","statementMap":{"0":{"start":{"line":1,"column":21},"end":{"line":1,"column":45}},"1":{"start":{"line":3,"column":16},"end":{"line":32,"column":1}},"2":{"start":{"line":34,"column":20},"end":{"line":34,"column":41}},"3":{"start":{"line":36,"column":0},"end":{"line":36,"column":29}}},"fnMap":{},"branchMap":{},"s":{"0":3,"1":3,"2":3,"3":3},"f":{},"b":{},"_coverageSchema":"1a1c01bbd47fc00a2c39e90264f33305004495a9","hash":"9934f4d072a7f7cd9bd609fdb9202b64626a2832"}
,"C:\\Users\\admin\\Apartment_Rental_System_Web26\\backend\\Models\\Apartments.Model.js": {"path":"C:\\Users\\admin\\Apartment_Rental_System_Web26\\backend\\Models\\Apartments.Model.js","statementMap":{"0":{"start":{"line":1,"column":17},"end":{"line":1,"column":36}},"1":{"start":{"line":3,"column":24},"end":{"line":22,"column":2}},"2":{"start":{"line":24,"column":18},"end":{"line":24,"column":62}},"3":{"start":{"line":26,"column":0},"end":{"line":26,"column":27}}},"fnMap":{},"branchMap":{},"s":{"0":3,"1":3,"2":3,"3":3},"f":{},"b":{},"_coverageSchema":"1a1c01bbd47fc00a2c39e90264f33305004495a9","hash":"22ecae5f22cdc5eb89d1a7f77a19f6b3deb757b5"}
,"C:\\Users\\admin\\Apartment_Rental_System_Web26\\backend\\Models\\User.js": {"path":"C:\\Users\\admin\\Apartment_Rental_System_Web26\\backend\\Models\\User.js","statementMap":{"0":{"start":{"line":1,"column":17},"end":{"line":1,"column":36}},"1":{"start":{"line":2,"column":19},"end":{"line":22,"column":23}},"2":{"start":{"line":23,"column":0},"end":{"line":23,"column":52}}},"fnMap":{},"branchMap":{},"s":{"0":3,"1":3,"2":3},"f":{},"b":{},"_coverageSchema":"1a1c01bbd47fc00a2c39e90264f33305004495a9","hash":"d397ef7581ad4438c2e282b389cb9dc46aea144a"}
,"C:\\Users\\admin\\Apartment_Rental_System_Web26\\backend\\Routes\\Apartment.route.js": {"path":"C:\\Users\\admin\\Apartment_Rental_System_Web26\\backend\\Routes\\Apartment.route.js","statementMap":{"0":{"start":{"line":1,"column":16},"end":{"line":1,"column":34}},"1":{"start":{"line":2,"column":15},"end":{"line":2,"column":31}},"2":{"start":{"line":3,"column":18},"end":{"line":3,"column":55}},"3":{"start":{"line":4,"column":13},"end":{"line":4,"column":49}},"4":{"start":{"line":5,"column":13},"end":{"line":5,"column":52}},"5":{"start":{"line":30,"column":0},"end":{"line":38,"column":3}},"6":{"start":{"line":31,"column":4},"end":{"line":37,"column":5}},"7":{"start":{"line":32,"column":25},"end":{"line":32,"column":34}},"8":{"start":{"line":33,"column":27},"end":{"line":33,"column":63}},"9":{"start":{"line":34,"column":8},"end":{"line":34,"column":41}},"10":{"start":{"line":36,"column":8},"end":{"line":36,"column":55}},"11":{"start":{"line":56,"column":0},"end":{"line":64,"column":3}},"12":{"start":{"line":57,"column":4},"end":{"line":63,"column":5}},"13":{"start":{"line":58,"column":26},"end":{"line":58,"column":35}},"14":{"start":{"line":59,"column":27},"end":{"line":59,"column":81}},"15":{"start":{"line":60,"column":8},"end":{"line":60,"column":41}},"16":{"start":{"line":62,"column":8},"end":{"line":62,"column":55}},"17":{"start":{"line":117,"column":0},"end":{"line":128,"column":3}},"18":{"start":{"line":118,"column":2},"end":{"line":127,"column":3}},"19":{"start":{"line":119,"column":22},"end":{"line":122,"column":6}},"20":{"start":{"line":124,"column":4},"end":{"line":124,"column":36}},"21":{"start":{"line":126,"column":4},"end":{"line":126,"column":38}},"22":{"start":{"line":148,"column":0},"end":{"line":156,"column":3}},"23":{"start":{"line":149,"column":4},"end":{"line":155,"column":5}},"24":{"start":{"line":150,"column":26},"end":{"line":150,"column":65}},"25":{"start":{"line":151,"column":8},"end":{"line":151,"column":86}},"26":{"start":{"line":151,"column":24},"end":{"line":151,"column":86}},"27":{"start":{"line":152,"column":8},"end":{"line":152,"column":40}},"28":{"start":{"line":154,"column":8},"end":{"line":154,"column":55}},"29":{"start":{"line":174,"column":0},"end":{"line":191,"column":3}},"30":{"start":{"line":175,"column":4},"end":{"line":190,"column":5}},"31":{"start":{"line":176,"column":26},"end":{"line":185,"column":5}},"32":{"start":{"line":186,"column":8},"end":{"line":186,"column":86}},"33":{"start":{"line":186,"column":24},"end":{"line":186,"column":86}},"34":{"start":{"line":187,"column":8},"end":{"line":187,"column":40}},"35":{"start":{"line":189,"column":8},"end":{"line":189,"column":55}},"36":{"start":{"line":207,"column":0},"end":{"line":218,"column":3}},"37":{"start":{"line":208,"column":4},"end":{"line":217,"column":5}},"38":{"start":{"line":209,"column":26},"end":{"line":212,"column":10}},"39":{"start":{"line":213,"column":8},"end":{"line":213,"column":86}},"40":{"start":{"line":213,"column":24},"end":{"line":213,"column":86}},"41":{"start":{"line":214,"column":8},"end":{"line":214,"column":76}},"42":{"start":{"line":216,"column":8},"end":{"line":216,"column":55}},"43":{"start":{"line":240,"column":0},"end":{"line":259,"column":3}},"44":{"start":{"line":241,"column":2},"end":{"line":258,"column":3}},"45":{"start":{"line":242,"column":22},"end":{"line":242,"column":61}},"46":{"start":{"line":244,"column":4},"end":{"line":244,"column":61}},"47":{"start":{"line":244,"column":20},"end":{"line":244,"column":61}},"48":{"start":{"line":246,"column":4},"end":{"line":248,"column":5}},"49":{"start":{"line":247,"column":6},"end":{"line":247,"column":52}},"50":{"start":{"line":249,"column":4},"end":{"line":251,"column":5}},"51":{"start":{"line":250,"column":9},"end":{"line":250,"column":72}},"52":{"start":{"line":252,"column":4},"end":{"line":252,"column":35}},"53":{"start":{"line":253,"column":4},"end":{"line":253,"column":27}},"54":{"start":{"line":255,"column":4},"end":{"line":255,"column":24}},"55":{"start":{"line":257,"column":4},"end":{"line":257,"column":38}},"56":{"start":{"line":270,"column":0},"end":{"line":276,"column":3}},"57":{"start":{"line":271,"column":21},"end":{"line":273,"column":37}},"58":{"start":{"line":275,"column":2},"end":{"line":275,"column":23}},"59":{"start":{"line":278,"column":0},"end":{"line":278,"column":24}}},"fnMap":{"0":{"name":"(anonymous_0)","decl":{"start":{"line":30,"column":22},"end":{"line":30,"column":23}},"loc":{"start":{"line":30,"column":42},"end":{"line":38,"column":1}},"line":30},"1":{"name":"(anonymous_1)","decl":{"start":{"line":56,"column":28},"end":{"line":56,"column":29}},"loc":{"start":{"line":56,"column":48},"end":{"line":64,"column":1}},"line":56},"2":{"name":"(anonymous_2)","decl":{"start":{"line":117,"column":38},"end":{"line":117,"column":39}},"loc":{"start":{"line":117,"column":58},"end":{"line":128,"column":1}},"line":117},"3":{"name":"(anonymous_3)","decl":{"start":{"line":148,"column":19},"end":{"line":148,"column":20}},"loc":{"start":{"line":148,"column":39},"end":{"line":156,"column":1}},"line":148},"4":{"name":"(anonymous_4)","decl":{"start":{"line":174,"column":39},"end":{"line":174,"column":40}},"loc":{"start":{"line":174,"column":59},"end":{"line":191,"column":1}},"line":174},"5":{"name":"(anonymous_5)","decl":{"start":{"line":207,"column":42},"end":{"line":207,"column":43}},"loc":{"start":{"line":207,"column":62},"end":{"line":218,"column":1}},"line":207},"6":{"name":"(anonymous_6)","decl":{"start":{"line":240,"column":47},"end":{"line":240,"column":48}},"loc":{"start":{"line":240,"column":67},"end":{"line":259,"column":1}},"line":240},"7":{"name":"(anonymous_7)","decl":{"start":{"line":270,"column":16},"end":{"line":270,"column":17}},"loc":{"start":{"line":270,"column":36},"end":{"line":276,"column":1}},"line":270}},"branchMap":{"0":{"loc":{"start":{"line":151,"column":8},"end":{"line":151,"column":86}},"type":"if","locations":[{"start":{"line":151,"column":8},"end":{"line":151,"column":86}},{"start":{},"end":{}}],"line":151},"1":{"loc":{"start":{"line":186,"column":8},"end":{"line":186,"column":86}},"type":"if","locations":[{"start":{"line":186,"column":8},"end":{"line":186,"column":86}},{"start":{},"end":{}}],"line":186},"2":{"loc":{"start":{"line":213,"column":8},"end":{"line":213,"column":86}},"type":"if","locations":[{"start":{"line":213,"column":8},"end":{"line":213,"column":86}},{"start":{},"end":{}}],"line":213},"3":{"loc":{"start":{"line":244,"column":4},"end":{"line":244,"column":61}},"type":"if","locations":[{"start":{"line":244,"column":4},"end":{"line":244,"column":61}},{"start":{},"end":{}}],"line":244},"4":{"loc":{"start":{"line":246,"column":4},"end":{"line":248,"column":5}},"type":"if","locations":[{"start":{"line":246,"column":4},"end":{"line":248,"column":5}},{"start":{},"end":{}}],"line":246},"5":{"loc":{"start":{"line":249,"column":4},"end":{"line":251,"column":5}},"type":"if","locations":[{"start":{"line":249,"column":4},"end":{"line":251,"column":5}},{"start":{},"end":{}}],"line":249}},"s":{"0":3,"1":3,"2":3,"3":3,"4":3,"5":3,"6":2,"7":2,"8":2,"9":2,"10":0,"11":3,"12":1,"13":1,"14":1,"15":1,"16":0,"17":3,"18":20,"19":20,"20":20,"21":0,"22":3,"23":5,"24":5,"25":4,"26":1,"27":3,"28":1,"29":3,"30":2,"31":2,"32":2,"33":0,"34":2,"35":0,"36":3,"37":2,"38":2,"39":2,"40":0,"41":2,"42":0,"43":3,"44":2,"45":2,"46":2,"47":0,"48":2,"49":1,"50":1,"51":0,"52":1,"53":1,"54":1,"55":0,"56":3,"57":2,"58":2,"59":3},"f":{"0":2,"1":1,"2":20,"3":5,"4":2,"5":2,"6":2,"7":2},"b":{"0":[1,3],"1":[0,2],"2":[0,2],"3":[0,2],"4":[1,1],"5":[0,1]},"_coverageSchema":"1a1c01bbd47fc00a2c39e90264f33305004495a9","hash":"f4517e6928bac2aa0a8bd77c647d8846149dd660"}
,"C:\\Users\\admin\\Apartment_Rental_System_Web26\\backend\\Routes\\authroutes.js": {"path":"C:\\Users\\admin\\Apartment_Rental_System_Web26\\backend\\Routes\\authroutes.js","statementMap":{"0":{"start":{"line":1,"column":16},"end":{"line":1,"column":34}},"1":{"start":{"line":2,"column":15},"end":{"line":2,"column":31}},"2":{"start":{"line":84,"column":4},"end":{"line":84,"column":44}},"3":{"start":{"line":86,"column":0},"end":{"line":90,"column":5}},"4":{"start":{"line":89,"column":4},"end":{"line":89,"column":57}},"5":{"start":{"line":92,"column":0},"end":{"line":96,"column":5}},"6":{"start":{"line":95,"column":4},"end":{"line":95,"column":54}},"7":{"start":{"line":97,"column":0},"end":{"line":101,"column":2}},"8":{"start":{"line":100,"column":2},"end":{"line":100,"column":53}},"9":{"start":{"line":103,"column":0},"end":{"line":103,"column":24}}},"fnMap":{"0":{"name":"(anonymous_0)","decl":{"start":{"line":88,"column":7},"end":{"line":88,"column":8}},"loc":{"start":{"line":88,"column":21},"end":{"line":90,"column":3}},"line":88},"1":{"name":"(anonymous_1)","decl":{"start":{"line":94,"column":7},"end":{"line":94,"column":8}},"loc":{"start":{"line":94,"column":21},"end":{"line":96,"column":3}},"line":94},"2":{"name":"(anonymous_2)","decl":{"start":{"line":99,"column":5},"end":{"line":99,"column":6}},"loc":{"start":{"line":99,"column":16},"end":{"line":101,"column":1}},"line":99}},"branchMap":{},"s":{"0":3,"1":3,"2":3,"3":3,"4":0,"5":3,"6":0,"7":3,"8":0,"9":3},"f":{"0":0,"1":0,"2":0},"b":{},"_coverageSchema":"1a1c01bbd47fc00a2c39e90264f33305004495a9","hash":"c7d7a89963f6a39440f04679aa637dd826951174"}
,"C:\\Users\\admin\\Apartment_Rental_System_Web26\\backend\\controllers\\authController.js": {"path":"C:\\Users\\admin\\Apartment_Rental_System_Web26\\backend\\controllers\\authController.js","statementMap":{"0":{"start":{"line":1,"column":13},"end":{"line":1,"column":38}},"1":{"start":{"line":2,"column":15},"end":{"line":2,"column":32}},"2":{"start":{"line":3,"column":12},"end":{"line":3,"column":35}},"3":{"start":{"line":5,"column":0},"end":{"line":36,"column":2}},"4":{"start":{"line":6,"column":2},"end":{"line":35,"column":3}},"5":{"start":{"line":7,"column":44},"end":{"line":7,"column":52}},"6":{"start":{"line":9,"column":4},"end":{"line":17,"column":5}},"7":{"start":{"line":10,"column":6},"end":{"line":10,"column":55}},"8":{"start":{"line":12,"column":9},"end":{"line":17,"column":5}},"9":{"start":{"line":13,"column":6},"end":{"line":13,"column":54}},"10":{"start":{"line":15,"column":9},"end":{"line":17,"column":5}},"11":{"start":{"line":16,"column":6},"end":{"line":16,"column":58}},"12":{"start":{"line":19,"column":17},"end":{"line":19,"column":46}},"13":{"start":{"line":20,"column":4},"end":{"line":20,"column":64}},"14":{"start":{"line":20,"column":12},"end":{"line":20,"column":64}},"15":{"start":{"line":21,"column":27},"end":{"line":21,"column":58}},"16":{"start":{"line":23,"column":23},"end":{"line":28,"column":6}},"17":{"start":{"line":30,"column":4},"end":{"line":30,"column":37}},"18":{"start":{"line":33,"column":4},"end":{"line":33,"column":21}},"19":{"start":{"line":34,"column":4},"end":{"line":34,"column":30}},"20":{"start":{"line":38,"column":0},"end":{"line":62,"column":2}},"21":{"start":{"line":39,"column":2},"end":{"line":61,"column":3}},"22":{"start":{"line":40,"column":32},"end":{"line":40,"column":40}},"23":{"start":{"line":42,"column":17},"end":{"line":42,"column":46}},"24":{"start":{"line":43,"column":4},"end":{"line":43,"column":61}},"25":{"start":{"line":43,"column":15},"end":{"line":43,"column":61}},"26":{"start":{"line":45,"column":20},"end":{"line":45,"column":65}},"27":{"start":{"line":46,"column":4},"end":{"line":46,"column":64}},"28":{"start":{"line":46,"column":18},"end":{"line":46,"column":64}},"29":{"start":{"line":48,"column":18},"end":{"line":52,"column":5}},"30":{"start":{"line":54,"column":4},"end":{"line":54,"column":51}},"31":{"start":{"line":56,"column":4},"end":{"line":56,"column":26}},"32":{"start":{"line":59,"column":4},"end":{"line":59,"column":20}},"33":{"start":{"line":60,"column":4},"end":{"line":60,"column":30}},"34":{"start":{"line":64,"column":0},"end":{"line":67,"column":2}},"35":{"start":{"line":65,"column":2},"end":{"line":65,"column":27}},"36":{"start":{"line":66,"column":2},"end":{"line":66,"column":25}}},"fnMap":{"0":{"name":"(anonymous_0)","decl":{"start":{"line":5,"column":19},"end":{"line":5,"column":20}},"loc":{"start":{"line":5,"column":39},"end":{"line":36,"column":1}},"line":5},"1":{"name":"(anonymous_1)","decl":{"start":{"line":38,"column":16},"end":{"line":38,"column":17}},"loc":{"start":{"line":38,"column":36},"end":{"line":62,"column":1}},"line":38},"2":{"name":"(anonymous_2)","decl":{"start":{"line":64,"column":17},"end":{"line":64,"column":18}},"loc":{"start":{"line":64,"column":31},"end":{"line":67,"column":1}},"line":64}},"branchMap":{"0":{"loc":{"start":{"line":9,"column":4},"end":{"line":17,"column":5}},"type":"if","locations":[{"start":{"line":9,"column":4},"end":{"line":17,"column":5}},{"start":{"line":12,"column":9},"end":{"line":17,"column":5}}],"line":9},"1":{"loc":{"start":{"line":12,"column":9},"end":{"line":17,"column":5}},"type":"if","locations":[{"start":{"line":12,"column":9},"end":{"line":17,"column":5}},{"start":{"line":15,"column":9},"end":{"line":17,"column":5}}],"line":12},"2":{"loc":{"start":{"line":15,"column":9},"end":{"line":17,"column":5}},"type":"if","locations":[{"start":{"line":15,"column":9},"end":{"line":17,"column":5}},{"start":{},"end":{}}],"line":15},"3":{"loc":{"start":{"line":20,"column":4},"end":{"line":20,"column":64}},"type":"if","locations":[{"start":{"line":20,"column":4},"end":{"line":20,"column":64}},{"start":{},"end":{}}],"line":20},"4":{"loc":{"start":{"line":43,"column":4},"end":{"line":43,"column":61}},"type":"if","locations":[{"start":{"line":43,"column":4},"end":{"line":43,"column":61}},{"start":{},"end":{}}],"line":43},"5":{"loc":{"start":{"line":46,"column":4},"end":{"line":46,"column":64}},"type":"if","locations":[{"start":{"line":46,"column":4},"end":{"line":46,"column":64}},{"start":{},"end":{}}],"line":46}},"s":{"0":3,"1":3,"2":3,"3":3,"4":11,"5":11,"6":11,"7":1,"8":10,"9":0,"10":10,"11":0,"12":10,"13":10,"14":1,"15":9,"16":9,"17":9,"18":0,"19":0,"20":3,"21":7,"22":7,"23":7,"24":7,"25":0,"26":7,"27":7,"28":2,"29":5,"30":5,"31":5,"32":0,"33":0,"34":3,"35":1,"36":1},"f":{"0":11,"1":7,"2":1},"b":{"0":[1,10],"1":[0,10],"2":[0,10],"3":[1,9],"4":[0,7],"5":[2,5]},"_coverageSchema":"1a1c01bbd47fc00a2c39e90264f33305004495a9","hash":"22770cbc33d5b6746700b34421ea2e11064bd4ac"}
,"C:\\Users\\admin\\Apartment_Rental_System_Web26\\backend\\middleware\\roleMiddleware.js": {"path":"C:\\Users\\admin\\Apartment_Rental_System_Web26\\backend\\middleware\\roleMiddleware.js","statementMap":{"0":{"start":{"line":1,"column":0},"end":{"line":11,"column":2}},"1":{"start":{"line":2,"column":2},"end":{"line":10,"column":4}},"2":{"start":{"line":3,"column":4},"end":{"line":3,"column":68}},"3":{"start":{"line":3,"column":19},"end":{"line":3,"column":68}},"4":{"start":{"line":5,"column":4},"end":{"line":7,"column":5}},"5":{"start":{"line":6,"column":6},"end":{"line":6,"column":47}},"6":{"start":{"line":9,"column":4},"end":{"line":9,"column":11}}},"fnMap":{"0":{"name":"(anonymous_0)","decl":{"start":{"line":1,"column":17},"end":{"line":1,"column":18}},"loc":{"start":{"line":1,"column":27},"end":{"line":11,"column":1}},"line":1},"1":{"name":"(anonymous_1)","decl":{"start":{"line":2,"column":9},"end":{"line":2,"column":10}},"loc":{"start":{"line":2,"column":29},"end":{"line":10,"column":3}},"line":2}},"branchMap":{"0":{"loc":{"start":{"line":3,"column":4},"end":{"line":3,"column":68}},"type":"if","locations":[{"start":{"line":3,"column":4},"end":{"line":3,"column":68}},{"start":{},"end":{}}],"line":3},"1":{"loc":{"start":{"line":5,"column":4},"end":{"line":7,"column":5}},"type":"if","locations":[{"start":{"line":5,"column":4},"end":{"line":7,"column":5}},{"start":{},"end":{}}],"line":5}},"s":{"0":3,"1":12,"2":27,"3":0,"4":27,"5":1,"6":26},"f":{"0":12,"1":27},"b":{"0":[0,27],"1":[1,26]},"_coverageSchema":"1a1c01bbd47fc00a2c39e90264f33305004495a9","hash":"f53d85af305dac1c97f51612e715302ca85c12af"}
,"C:\\Users\\admin\\Apartment_Rental_System_Web26\\backend\\middleware\\verifyToken.js": {"path":"C:\\Users\\admin\\Apartment_Rental_System_Web26\\backend\\middleware\\verifyToken.js","statementMap":{"0":{"start":{"line":1,"column":12},"end":{"line":1,"column":35}},"1":{"start":{"line":3,"column":0},"end":{"line":14,"column":2}},"2":{"start":{"line":4,"column":16},"end":{"line":4,"column":33}},"3":{"start":{"line":6,"column":2},"end":{"line":6,"column":54}},"4":{"start":{"line":6,"column":14},"end":{"line":6,"column":54}},"5":{"start":{"line":8,"column":2},"end":{"line":13,"column":5}},"6":{"start":{"line":9,"column":4},"end":{"line":9,"column":58}},"7":{"start":{"line":9,"column":13},"end":{"line":9,"column":58}},"8":{"start":{"line":11,"column":4},"end":{"line":11,"column":20}},"9":{"start":{"line":12,"column":4},"end":{"line":12,"column":11}}},"fnMap":{"0":{"name":"(anonymous_0)","decl":{"start":{"line":3,"column":17},"end":{"line":3,"column":18}},"loc":{"start":{"line":3,"column":37},"end":{"line":14,"column":1}},"line":3},"1":{"name":"(anonymous_1)","decl":{"start":{"line":8,"column":44},"end":{"line":8,"column":45}},"loc":{"start":{"line":8,"column":59},"end":{"line":13,"column":3}},"line":8}},"branchMap":{"0":{"loc":{"start":{"line":6,"column":2},"end":{"line":6,"column":54}},"type":"if","locations":[{"start":{"line":6,"column":2},"end":{"line":6,"column":54}},{"start":{},"end":{}}],"line":6},"1":{"loc":{"start":{"line":9,"column":4},"end":{"line":9,"column":58}},"type":"if","locations":[{"start":{"line":9,"column":4},"end":{"line":9,"column":58}},{"start":{},"end":{}}],"line":9}},"s":{"0":3,"1":3,"2":28,"3":28,"4":1,"5":27,"6":27,"7":0,"8":27,"9":27},"f":{"0":28,"1":27},"b":{"0":[1,27],"1":[0,27]},"_coverageSchema":"1a1c01bbd47fc00a2c39e90264f33305004495a9","hash":"19333e843145b2142c5c0305715e1064feffe3ea"}
,"C:\\Users\\admin\\Apartment_Rental_System_Web26\\backend\\tests\\setup.js": {"path":"C:\\Users\\admin\\Apartment_Rental_System_Web26\\backend\\tests\\setup.js","statementMap":{"0":{"start":{"line":1,"column":17},"end":{"line":1,"column":36}},"1":{"start":{"line":2,"column":30},"end":{"line":2,"column":62}},"2":{"start":{"line":6,"column":0},"end":{"line":14,"column":3}},"3":{"start":{"line":8,"column":2},"end":{"line":8,"column":43}},"4":{"start":{"line":10,"column":14},"end":{"line":10,"column":28}},"5":{"start":{"line":12,"column":2},"end":{"line":12,"column":30}},"6":{"start":{"line":16,"column":0},"end":{"line":24,"column":3}},"7":{"start":{"line":18,"column":22},"end":{"line":18,"column":53}},"8":{"start":{"line":20,"column":2},"end":{"line":22,"column":3}},"9":{"start":{"line":21,"column":4},"end":{"line":21,"column":40}},"10":{"start":{"line":26,"column":0},"end":{"line":36,"column":3}},"11":{"start":{"line":28,"column":2},"end":{"line":28,"column":43}},"12":{"start":{"line":30,"column":2},"end":{"line":30,"column":36}},"13":{"start":{"line":32,"column":2},"end":{"line":34,"column":3}},"14":{"start":{"line":33,"column":4},"end":{"line":33,"column":23}}},"fnMap":{"0":{"name":"(anonymous_0)","decl":{"start":{"line":6,"column":10},"end":{"line":6,"column":11}},"loc":{"start":{"line":6,"column":22},"end":{"line":14,"column":1}},"line":6},"1":{"name":"(anonymous_1)","decl":{"start":{"line":16,"column":10},"end":{"line":16,"column":11}},"loc":{"start":{"line":16,"column":22},"end":{"line":24,"column":1}},"line":16},"2":{"name":"(anonymous_2)","decl":{"start":{"line":26,"column":9},"end":{"line":26,"column":10}},"loc":{"start":{"line":26,"column":21},"end":{"line":36,"column":1}},"line":26}},"branchMap":{"0":{"loc":{"start":{"line":32,"column":2},"end":{"line":34,"column":3}},"type":"if","locations":[{"start":{"line":32,"column":2},"end":{"line":34,"column":3}},{"start":{},"end":{}}],"line":32}},"s":{"0":3,"1":3,"2":3,"3":3,"4":3,"5":3,"6":3,"7":27,"8":27,"9":54,"10":3,"11":3,"12":3,"13":3,"14":3},"f":{"0":3,"1":27,"2":3},"b":{"0":[3,0]},"_coverageSchema":"1a1c01bbd47fc00a2c39e90264f33305004495a9","hash":"8eb110f85f64201388c21821eec871f8dc0e9856"}
}
