TN:
SF:db.js
FN:4,(anonymous_0)
FNF:1
FNH:0
FNDA:0,(anonymous_0)
DA:1,3
DA:2,3
DA:4,3
DA:5,0
DA:6,0
DA:7,0
DA:9,0
DA:10,0
DA:14,3
LF:9
LH:4
BRF:0
BRH:0
end_of_record
TN:
SF:index.js
FN:27,(anonymous_0)
FN:37,(anonymous_1)
FNF:2
FNH:0
FNDA:0,(anonymous_0)
FNDA:0,(anonymous_1)
DA:1,3
DA:2,3
DA:3,3
DA:4,3
DA:5,3
DA:6,3
DA:7,3
DA:8,3
DA:9,3
DA:10,3
DA:11,3
DA:13,3
DA:14,3
DA:15,3
DA:16,3
DA:19,3
DA:20,3
DA:21,3
DA:23,3
DA:24,0
DA:27,3
DA:28,0
DA:36,3
DA:37,0
DA:38,0
DA:42,3
LF:26
LH:22
BRDA:23,0,0,0
BRDA:23,0,1,3
BRDA:36,1,0,0
BRDA:36,1,1,3
BRF:4
BRH:2
end_of_record
TN:
SF:swagger.js
FNF:0
FNH:0
DA:1,3
DA:3,3
DA:34,3
DA:36,3
LF:4
LH:4
BRF:0
BRH:0
end_of_record
TN:
SF:Models\Apartments.Model.js
FNF:0
FNH:0
DA:1,3
DA:3,3
DA:24,3
DA:26,3
LF:4
LH:4
BRF:0
BRH:0
end_of_record
TN:
SF:Models\User.js
FNF:0
FNH:0
DA:1,3
DA:2,3
DA:23,3
LF:3
LH:3
BRF:0
BRH:0
end_of_record
TN:
SF:Routes\Apartment.route.js
FN:30,(anonymous_0)
FN:56,(anonymous_1)
FN:117,(anonymous_2)
FN:131,(anonymous_3)
FN:158,(anonymous_4)
FN:184,(anonymous_5)
FN:212,(anonymous_6)
FN:242,(anonymous_7)
FN:270,(anonymous_8)
FNF:9
FNH:6
FNDA:2,(anonymous_0)
FNDA:0,(anonymous_1)
FNDA:14,(anonymous_2)
FNDA:2,(anonymous_3)
FNDA:2,(anonymous_4)
FNDA:1,(anonymous_5)
FNDA:1,(anonymous_6)
FNDA:0,(anonymous_7)
FNDA:0,(anonymous_8)
DA:1,3
DA:2,3
DA:3,3
DA:4,3
DA:5,3
DA:30,3
DA:31,2
DA:32,2
DA:33,2
DA:34,2
DA:36,0
DA:56,3
DA:57,0
DA:58,0
DA:59,0
DA:60,0
DA:62,0
DA:117,3
DA:118,14
DA:119,14
DA:124,14
DA:126,0
DA:131,3
DA:132,2
DA:133,2
DA:134,2
DA:136,0
DA:158,3
DA:159,2
DA:160,2
DA:161,2
DA:162,2
DA:164,0
DA:184,3
DA:185,1
DA:186,1
DA:191,1
DA:192,1
DA:194,0
DA:212,3
DA:213,1
DA:214,1
DA:215,1
DA:216,1
DA:218,0
DA:242,3
DA:243,0
DA:244,0
DA:246,0
DA:248,0
DA:249,0
DA:252,0
DA:253,0
DA:255,0
DA:257,0
DA:270,3
DA:271,0
DA:275,0
DA:278,3
LF:59
LH:37
BRDA:161,0,0,0
BRDA:161,0,1,2
BRDA:191,1,0,0
BRDA:191,1,1,1
BRDA:215,2,0,0
BRDA:215,2,1,1
BRDA:246,3,0,0
BRDA:246,3,1,0
BRDA:248,4,0,0
BRDA:248,4,1,0
BRF:10
BRH:3
end_of_record
TN:
SF:Routes\authroutes.js
FN:88,(anonymous_0)
FN:94,(anonymous_1)
FN:99,(anonymous_2)
FNF:3
FNH:0
FNDA:0,(anonymous_0)
FNDA:0,(anonymous_1)
FNDA:0,(anonymous_2)
DA:1,3
DA:2,3
DA:84,3
DA:86,3
DA:89,0
DA:92,3
DA:95,0
DA:97,3
DA:100,0
DA:103,3
LF:10
LH:7
BRF:0
BRH:0
end_of_record
TN:
SF:controllers\authController.js
FN:5,(anonymous_0)
FN:38,(anonymous_1)
FN:64,(anonymous_2)
FNF:3
FNH:3
FNDA:6,(anonymous_0)
FNDA:4,(anonymous_1)
FNDA:1,(anonymous_2)
DA:1,3
DA:2,3
DA:3,3
DA:5,3
DA:6,6
DA:7,6
DA:9,6
DA:10,1
DA:12,5
DA:13,0
DA:15,5
DA:16,0
DA:19,5
DA:20,5
DA:21,5
DA:23,5
DA:30,5
DA:33,0
DA:34,0
DA:38,3
DA:39,4
DA:40,4
DA:42,4
DA:43,4
DA:45,4
DA:46,4
DA:48,3
DA:54,3
DA:56,3
DA:59,0
DA:60,0
DA:64,3
DA:65,1
DA:66,1
LF:34
LH:28
BRDA:9,0,0,1
BRDA:9,0,1,5
BRDA:12,1,0,0
BRDA:12,1,1,5
BRDA:15,2,0,0
BRDA:15,2,1,5
BRDA:20,3,0,0
BRDA:20,3,1,5
BRDA:43,4,0,0
BRDA:43,4,1,4
BRDA:46,5,0,1
BRDA:46,5,1,3
BRF:12
BRH:8
end_of_record
TN:
SF:middleware\roleMiddleware.js
FN:1,(anonymous_0)
FN:2,(anonymous_1)
FNF:2
FNH:2
FNDA:12,(anonymous_0)
FNDA:16,(anonymous_1)
DA:1,3
DA:2,12
DA:3,16
DA:5,16
DA:6,0
DA:9,16
LF:6
LH:5
BRDA:3,0,0,0
BRDA:3,0,1,16
BRDA:5,1,0,0
BRDA:5,1,1,16
BRF:4
BRH:2
end_of_record
TN:
SF:middleware\verifyToken.js
FN:3,(anonymous_0)
FN:8,(anonymous_1)
FNF:2
FNH:2
FNDA:18,(anonymous_0)
FNDA:16,(anonymous_1)
DA:1,3
DA:3,3
DA:4,18
DA:6,18
DA:8,16
DA:9,16
DA:11,16
DA:12,16
LF:8
LH:8
BRDA:6,0,0,2
BRDA:6,0,1,16
BRDA:9,1,0,0
BRDA:9,1,1,16
BRF:4
BRH:3
end_of_record
TN:
SF:tests\setup.js
FN:6,(anonymous_0)
FN:15,(anonymous_1)
FN:23,(anonymous_2)
FNF:3
FNH:3
FNDA:3,(anonymous_0)
FNDA:19,(anonymous_1)
FNDA:3,(anonymous_2)
DA:1,3
DA:2,3
DA:6,3
DA:7,3
DA:9,3
DA:11,3
DA:12,3
DA:15,3
DA:16,19
DA:18,19
DA:19,38
DA:23,3
DA:24,3
DA:25,3
LF:14
LH:14
BRF:0
BRH:0
end_of_record
