TN:
SF:db.js
FN:4,(anonymous_0)
FNF:1
FNH:0
FNDA:0,(anonymous_0)
DA:1,3
DA:2,3
DA:4,3
DA:5,0
DA:6,0
DA:7,0
DA:9,0
DA:10,0
DA:14,3
LF:9
LH:4
BRF:0
BRH:0
end_of_record
TN:
SF:index.js
FN:27,(anonymous_0)
FN:37,(anonymous_1)
FNF:2
FNH:0
FNDA:0,(anonymous_0)
FNDA:0,(anonymous_1)
DA:1,3
DA:2,3
DA:3,3
DA:4,3
DA:5,3
DA:6,3
DA:7,3
DA:8,3
DA:9,3
DA:10,3
DA:11,3
DA:13,3
DA:14,3
DA:15,3
DA:16,3
DA:19,3
DA:20,3
DA:21,3
DA:23,3
DA:24,0
DA:27,3
DA:28,0
DA:36,3
DA:37,0
DA:38,0
DA:42,3
LF:26
LH:22
BRDA:23,0,0,0
BRDA:23,0,1,3
BRDA:36,1,0,0
BRDA:36,1,1,3
BRF:4
BRH:2
end_of_record
TN:
SF:swagger.js
FNF:0
FNH:0
DA:1,3
DA:3,3
DA:34,3
DA:36,3
LF:4
LH:4
BRF:0
BRH:0
end_of_record
TN:
SF:Models\Apartments.Model.js
FNF:0
FNH:0
DA:1,3
DA:3,3
DA:24,3
DA:26,3
LF:4
LH:4
BRF:0
BRH:0
end_of_record
TN:
SF:Models\User.js
FNF:0
FNH:0
DA:1,3
DA:2,3
DA:23,3
LF:3
LH:3
BRF:0
BRH:0
end_of_record
TN:
SF:Routes\Apartment.route.js
FN:30,(anonymous_0)
FN:56,(anonymous_1)
FN:117,(anonymous_2)
FN:148,(anonymous_3)
FN:174,(anonymous_4)
FN:207,(anonymous_5)
FN:240,(anonymous_6)
FN:270,(anonymous_7)
FNF:8
FNH:8
FNDA:2,(anonymous_0)
FNDA:1,(anonymous_1)
FNDA:20,(anonymous_2)
FNDA:5,(anonymous_3)
FNDA:2,(anonymous_4)
FNDA:2,(anonymous_5)
FNDA:2,(anonymous_6)
FNDA:2,(anonymous_7)
DA:1,3
DA:2,3
DA:3,3
DA:4,3
DA:5,3
DA:30,3
DA:31,2
DA:32,2
DA:33,2
DA:34,2
DA:36,0
DA:56,3
DA:57,1
DA:58,1
DA:59,1
DA:60,1
DA:62,0
DA:117,3
DA:118,20
DA:119,20
DA:124,20
DA:126,0
DA:148,3
DA:149,5
DA:150,5
DA:151,4
DA:152,3
DA:154,1
DA:174,3
DA:175,2
DA:176,2
DA:186,2
DA:187,2
DA:189,0
DA:207,3
DA:208,2
DA:209,2
DA:213,2
DA:214,2
DA:216,0
DA:240,3
DA:241,2
DA:242,2
DA:244,2
DA:246,2
DA:247,1
DA:249,1
DA:250,0
DA:252,1
DA:253,1
DA:255,1
DA:257,0
DA:270,3
DA:271,2
DA:275,2
DA:278,3
LF:56
LH:49
BRDA:151,0,0,1
BRDA:151,0,1,3
BRDA:186,1,0,0
BRDA:186,1,1,2
BRDA:213,2,0,0
BRDA:213,2,1,2
BRDA:244,3,0,0
BRDA:244,3,1,2
BRDA:246,4,0,1
BRDA:246,4,1,1
BRDA:249,5,0,0
BRDA:249,5,1,1
BRF:12
BRH:8
end_of_record
TN:
SF:Routes\authroutes.js
FN:88,(anonymous_0)
FN:94,(anonymous_1)
FN:99,(anonymous_2)
FNF:3
FNH:0
FNDA:0,(anonymous_0)
FNDA:0,(anonymous_1)
FNDA:0,(anonymous_2)
DA:1,3
DA:2,3
DA:84,3
DA:86,3
DA:89,0
DA:92,3
DA:95,0
DA:97,3
DA:100,0
DA:103,3
LF:10
LH:7
BRF:0
BRH:0
end_of_record
TN:
SF:controllers\authController.js
FN:5,(anonymous_0)
FN:38,(anonymous_1)
FN:64,(anonymous_2)
FNF:3
FNH:3
FNDA:11,(anonymous_0)
FNDA:7,(anonymous_1)
FNDA:1,(anonymous_2)
DA:1,3
DA:2,3
DA:3,3
DA:5,3
DA:6,11
DA:7,11
DA:9,11
DA:10,1
DA:12,10
DA:13,0
DA:15,10
DA:16,0
DA:19,10
DA:20,10
DA:21,9
DA:23,9
DA:30,9
DA:33,0
DA:34,0
DA:38,3
DA:39,7
DA:40,7
DA:42,7
DA:43,7
DA:45,7
DA:46,7
DA:48,5
DA:54,5
DA:56,5
DA:59,0
DA:60,0
DA:64,3
DA:65,1
DA:66,1
LF:34
LH:28
BRDA:9,0,0,1
BRDA:9,0,1,10
BRDA:12,1,0,0
BRDA:12,1,1,10
BRDA:15,2,0,0
BRDA:15,2,1,10
BRDA:20,3,0,1
BRDA:20,3,1,9
BRDA:43,4,0,0
BRDA:43,4,1,7
BRDA:46,5,0,2
BRDA:46,5,1,5
BRF:12
BRH:9
end_of_record
TN:
SF:middleware\roleMiddleware.js
FN:1,(anonymous_0)
FN:2,(anonymous_1)
FNF:2
FNH:2
FNDA:12,(anonymous_0)
FNDA:27,(anonymous_1)
DA:1,3
DA:2,12
DA:3,27
DA:5,27
DA:6,1
DA:9,26
LF:6
LH:6
BRDA:3,0,0,0
BRDA:3,0,1,27
BRDA:5,1,0,1
BRDA:5,1,1,26
BRF:4
BRH:3
end_of_record
TN:
SF:middleware\verifyToken.js
FN:3,(anonymous_0)
FN:8,(anonymous_1)
FNF:2
FNH:2
FNDA:28,(anonymous_0)
FNDA:27,(anonymous_1)
DA:1,3
DA:3,3
DA:4,28
DA:6,28
DA:8,27
DA:9,27
DA:11,27
DA:12,27
LF:8
LH:8
BRDA:6,0,0,1
BRDA:6,0,1,27
BRDA:9,1,0,0
BRDA:9,1,1,27
BRF:4
BRH:3
end_of_record
TN:
SF:tests\setup.js
FN:6,(anonymous_0)
FN:15,(anonymous_1)
FN:24,(anonymous_2)
FNF:3
FNH:3
FNDA:3,(anonymous_0)
FNDA:27,(anonymous_1)
FNDA:3,(anonymous_2)
DA:1,3
DA:2,3
DA:6,3
DA:7,3
DA:9,3
DA:11,3
DA:12,3
DA:15,3
DA:17,27
DA:19,27
DA:20,54
DA:24,3
DA:25,3
DA:26,3
LF:14
LH:14
BRF:0
BRH:0
end_of_record
